<?xml version="1.0" encoding="UTF-8"?>
<testng-results ignored="0" total="2" passed="2" failed="0" skipped="0">
  <reporter-output>
  </reporter-output>
  <suite started-at="2018-08-23T14:28:07Z" name="Default suite" finished-at="2018-08-23T14:28:30Z" duration-ms="22941">
    <groups>
    </groups>
    <test started-at="2018-08-23T14:28:07Z" name="Default test" finished-at="2018-08-23T14:28:30Z" duration-ms="22941">
      <class name="com.PWB_QA.testcasescripts.LoginPageTest">
        <test-method is-config="true" signature="setup()[pri:0, instance:com.PWB_QA.testcasescripts.LoginPageTest@1ebd319f]" started-at="2018-08-23T14:28:07Z" name="setup" finished-at="2018-08-23T14:28:25Z" duration-ms="18473" status="PASS">
          <reporter-output>
          </reporter-output>
        </test-method> <!-- setup -->
        <test-method signature="loginPageTitleTest()[pri:1, instance:com.PWB_QA.testcasescripts.LoginPageTest@1ebd319f]" started-at="2018-08-23T14:28:26Z" name="loginPageTitleTest" finished-at="2018-08-23T14:28:26Z" duration-ms="42" status="PASS">
          <reporter-output>
          </reporter-output>
        </test-method> <!-- loginPageTitleTest -->
        <test-method signature="LoginTest()[pri:2, instance:com.PWB_QA.testcasescripts.LoginPageTest@1ebd319f]" started-at="2018-08-23T14:28:26Z" name="LoginTest" finished-at="2018-08-23T14:28:30Z" duration-ms="4274" status="PASS">
          <reporter-output>
          </reporter-output>
        </test-method> <!-- LoginTest -->
        <test-method is-config="true" signature="teardown()[pri:0, instance:com.PWB_QA.testcasescripts.LoginPageTest@1ebd319f]" started-at="2018-08-23T14:28:30Z" name="teardown" finished-at="2018-08-23T14:28:30Z" duration-ms="0" status="PASS">
          <reporter-output>
          </reporter-output>
        </test-method> <!-- teardown -->
      </class> <!-- com.PWB_QA.testcasescripts.LoginPageTest -->
    </test> <!-- Default test -->
  </suite> <!-- Default suite -->
</testng-results>
