<?xml version="1.0" encoding="UTF-8"?>
<testng-results ignored="0" total="2" passed="2" failed="0" skipped="0">
  <reporter-output>
  </reporter-output>
  <suite started-at="2018-04-23T11:52:47Z" name="Default suite" finished-at="2018-04-23T11:52:57Z" duration-ms="10528">
    <groups>
    </groups>
    <test started-at="2018-04-23T11:52:47Z" name="Default test" finished-at="2018-04-23T11:52:57Z" duration-ms="10528">
      <class name="com.OHRMS.testcasescripts.LoginPageTest">
        <test-method is-config="true" signature="setup()[pri:0, instance:com.OHRMS.testcasescripts.LoginPageTest@1ebd319f]" started-at="2018-04-23T11:52:47Z" name="setup" finished-at="2018-04-23T11:52:55Z" duration-ms="8042" status="PASS">
          <reporter-output>
          </reporter-output>
        </test-method> <!-- setup -->
        <test-method signature="loginPageTitleTest()[pri:1, instance:com.OHRMS.testcasescripts.LoginPageTest@1ebd319f]" started-at="2018-04-23T11:52:55Z" name="loginPageTitleTest" finished-at="2018-04-23T11:52:55Z" duration-ms="22" status="PASS">
          <reporter-output>
          </reporter-output>
        </test-method> <!-- loginPageTitleTest -->
        <test-method signature="LoginTest()[pri:2, instance:com.OHRMS.testcasescripts.LoginPageTest@1ebd319f]" started-at="2018-04-23T11:52:55Z" name="LoginTest" finished-at="2018-04-23T11:52:57Z" duration-ms="2436" status="PASS">
          <reporter-output>
          </reporter-output>
        </test-method> <!-- LoginTest -->
        <test-method is-config="true" signature="teardown()[pri:0, instance:com.OHRMS.testcasescripts.LoginPageTest@1ebd319f]" started-at="2018-04-23T11:52:57Z" name="teardown" finished-at="2018-04-23T11:52:57Z" duration-ms="0" status="PASS">
          <reporter-output>
          </reporter-output>
        </test-method> <!-- teardown -->
      </class> <!-- com.OHRMS.testcasescripts.LoginPageTest -->
    </test> <!-- Default test -->
  </suite> <!-- Default suite -->
</testng-results>
